Copyright 1986-2022 Xilinx, Inc. All Rights Reserved. Copyright 2022-2023 Advanced Micro Devices, Inc. All Rights Reserved.
----------------------------------------------------------------------------------------------------------------------------------------------------------------------
| Tool Version     : Vivado v.2023.2 (win64) Build 4029153 Fri Oct 13 20:14:34 MDT 2023
| Date             : Sat Nov 22 21:40:38 2025
| Host             : CoreBox-X running 64-bit major release  (build 9200)
| Command          : report_power -file design_1_wrapper_power_routed.rpt -pb design_1_wrapper_power_summary_routed.pb -rpx design_1_wrapper_power_routed.rpx
| Design           : design_1_wrapper
| Device           : xc7z020clg400-3
| Design State     : routed
| Grade            : extended
| Process          : typical
| Characterization : Production
----------------------------------------------------------------------------------------------------------------------------------------------------------------------

Power Report

Table of Contents
-----------------
1. Summary
1.1 On-Chip Components
1.2 Power Supply Summary
1.3 Confidence Level
2. Settings
2.1 Environment
2.2 Clock Constraints
3. Detailed Reports
3.1 By Hierarchy

1. Summary
----------

+--------------------------+--------------+
| Total On-Chip Power (W)  | 2.896        |
| Design Power Budget (W)  | Unspecified* |
| Power Budget Margin (W)  | NA           |
| Dynamic (W)              | 2.711        |
| Device Static (W)        | 0.185        |
| Effective TJA (C/W)      | 11.5         |
| Max Ambient (C)          | 66.6         |
| Junction Temperature (C) | 58.4         |
| Confidence Level         | Low          |
| Setting File             | ---          |
| Simulation Activity File | ---          |
| Design Nets Matched      | NA           |
+--------------------------+--------------+
* Specify Design Power Budget using, set_operating_conditions -design_power_budget <value in Watts>


1.1 On-Chip Components
----------------------

+--------------------------+-----------+----------+-----------+-----------------+
| On-Chip                  | Power (W) | Used     | Available | Utilization (%) |
+--------------------------+-----------+----------+-----------+-----------------+
| Clocks                   |     0.083 |       21 |       --- |             --- |
| Slice Logic              |     0.149 |    44810 |       --- |             --- |
|   LUT as Logic           |     0.132 |    20216 |     53200 |           38.00 |
|   CARRY4                 |     0.016 |     2850 |     13300 |           21.43 |
|   Register               |     0.001 |    13467 |    106400 |           12.66 |
|   F7/F8 Muxes            |    <0.001 |      637 |     53200 |            1.20 |
|   LUT as Distributed RAM |    <0.001 |       64 |     17400 |            0.37 |
|   LUT as Shift Register  |    <0.001 |      263 |     17400 |            1.51 |
|   Others                 |     0.000 |      951 |       --- |             --- |
| Signals                  |     0.136 |    36419 |       --- |             --- |
| Block RAM                |     0.015 |        7 |       140 |            5.00 |
| MMCM                     |     0.420 |        3 |         4 |           75.00 |
| DSPs                     |     0.024 |       38 |       220 |           17.27 |
| I/O                      |     0.189 |      105 |       125 |           84.00 |
| XADC                     |     0.002 |        1 |       --- |             --- |
| PS7                      |     1.693 |        1 |       --- |             --- |
| Static Power             |     0.185 |          |           |                 |
| Total                    |     2.896 |          |           |                 |
+--------------------------+-----------+----------+-----------+-----------------+


1.2 Power Supply Summary
------------------------

+-----------+-------------+-----------+-------------+------------+-------------+-------------+------------+
| Source    | Voltage (V) | Total (A) | Dynamic (A) | Static (A) | Powerup (A) | Budget (A)  | Margin (A) |
+-----------+-------------+-----------+-------------+------------+-------------+-------------+------------+
| Vccint    |       1.000 |     0.436 |       0.410 |      0.026 |       NA    | Unspecified | NA         |
| Vccaux    |       1.800 |     0.259 |       0.238 |      0.021 |       NA    | Unspecified | NA         |
| Vcco33    |       3.300 |     0.055 |       0.054 |      0.001 |       NA    | Unspecified | NA         |
| Vcco25    |       2.500 |     0.000 |       0.000 |      0.000 |       NA    | Unspecified | NA         |
| Vcco18    |       1.800 |     0.000 |       0.000 |      0.000 |       NA    | Unspecified | NA         |
| Vcco15    |       1.500 |     0.000 |       0.000 |      0.000 |       NA    | Unspecified | NA         |
| Vcco135   |       1.350 |     0.000 |       0.000 |      0.000 |       NA    | Unspecified | NA         |
| Vcco12    |       1.200 |     0.000 |       0.000 |      0.000 |       NA    | Unspecified | NA         |
| Vccaux_io |       1.800 |     0.000 |       0.000 |      0.000 |       NA    | Unspecified | NA         |
| Vccbram   |       1.000 |     0.003 |       0.001 |      0.002 |       NA    | Unspecified | NA         |
| MGTAVcc   |       1.000 |     0.000 |       0.000 |      0.000 |       NA    | Unspecified | NA         |
| MGTAVtt   |       1.200 |     0.000 |       0.000 |      0.000 |       NA    | Unspecified | NA         |
| MGTVccaux |       1.800 |     0.000 |       0.000 |      0.000 |       NA    | Unspecified | NA         |
| Vccpint   |       1.000 |     0.929 |       0.881 |      0.048 |       NA    | Unspecified | NA         |
| Vccpaux   |       1.800 |     0.061 |       0.051 |      0.010 |       NA    | Unspecified | NA         |
| Vccpll    |       1.800 |     0.020 |       0.017 |      0.003 |       NA    | Unspecified | NA         |
| Vcco_ddr  |       1.500 |     0.459 |       0.457 |      0.002 |       NA    | Unspecified | NA         |
| Vcco_mio0 |       3.300 |     0.001 |       0.000 |      0.001 |       NA    | Unspecified | NA         |
| Vcco_mio1 |       1.800 |     0.003 |       0.002 |      0.001 |       NA    | Unspecified | NA         |
| Vccadc    |       1.800 |     0.021 |       0.001 |      0.020 |       NA    | Unspecified | NA         |
+-----------+-------------+-----------+-------------+------------+-------------+-------------+------------+


1.3 Confidence Level
--------------------

+-----------------------------+------------+--------------------------------------------------------+------------------------------------------------------------------------------------------------------------+
| User Input Data             | Confidence | Details                                                | Action                                                                                                     |
+-----------------------------+------------+--------------------------------------------------------+------------------------------------------------------------------------------------------------------------+
| Design implementation state | High       | Design is routed                                       |                                                                                                            |
| Clock nodes activity        | High       | User specified more than 95% of clocks                 |                                                                                                            |
| I/O nodes activity          | Low        | More than 75% of inputs are missing user specification | Provide missing input activity with simulation results or by editing the "By Resource Type -> I/Os" view   |
| Internal nodes activity     | Medium     | User specified less than 25% of internal nodes         | Provide missing internal nodes activity with simulation results or by editing the "By Resource Type" views |
| Device models               | High       | Device models are Production                           |                                                                                                            |
|                             |            |                                                        |                                                                                                            |
| Overall confidence level    | Low        |                                                        |                                                                                                            |
+-----------------------------+------------+--------------------------------------------------------+------------------------------------------------------------------------------------------------------------+


2. Settings
-----------

2.1 Environment
---------------

+-----------------------+------------------------+
| Ambient Temp (C)      | 25.0                   |
| ThetaJA (C/W)         | 11.5                   |
| Airflow (LFM)         | 250                    |
| Heat Sink             | none                   |
| ThetaSA (C/W)         | 0.0                    |
| Board Selection       | medium (10"x10")       |
| # of Board Layers     | 8to11 (8 to 11 Layers) |
| Board Temperature (C) | 25.0                   |
+-----------------------+------------------------+


2.2 Clock Constraints
---------------------

+---------------------------------+-------------------------------------------------------------------------------------------------------------------------+-----------------+
| Clock                           | Domain                                                                                                                  | Constraint (ns) |
+---------------------------------+-------------------------------------------------------------------------------------------------------------------------+-----------------+
| AXI_clk_design_1_clk_wiz_0_0    | design_1_i/processing_av_system/clock_generation/clk_wiz_0/inst/CLK_CORE_DRP_I/clk_inst/AXI_clk_design_1_clk_wiz_0_0    |             5.0 |
| BCLK_clk_design_1_clk_wiz_0_0   | design_1_i/processing_av_system/clock_generation/clk_wiz_0/inst/CLK_CORE_DRP_I/clk_inst/BCLK_clk_design_1_clk_wiz_0_0   |            40.0 |
| CLK90_clk_design_1_clk_wiz_0_0  | design_1_i/processing_av_system/clock_generation/clk_wiz_0/inst/CLK_CORE_DRP_I/clk_inst/CLK90_clk_design_1_clk_wiz_0_0  |            40.0 |
| CPUCLK_clk_design_1_clk_wiz_0_0 | design_1_i/processing_av_system/clock_generation/clk_wiz_0/inst/CLK_CORE_DRP_I/clk_inst/CPUCLK_clk_design_1_clk_wiz_0_0 |            40.0 |
| PCLK_clk_design_1_clk_wiz_0_0   | design_1_i/processing_av_system/clock_generation/clk_wiz_0/inst/CLK_CORE_DRP_I/clk_inst/PCLK_clk_design_1_clk_wiz_0_0   |            10.0 |
| clk_fpga_0                      | design_1_i/processing_av_system/processing_system7_0/inst/FCLK_CLK0                                                     |             5.0 |
| clk_fpga_0                      | design_1_i/processing_av_system/processing_system7_0/inst/FCLK_CLK_unbuffered[0]                                        |             5.0 |
| clk_fpga_1                      | design_1_i/processing_av_system/processing_system7_0/inst/FCLK_CLK_unbuffered[1]                                        |            10.0 |
| clk_fpga_2                      | design_1_i/processing_av_system/processing_system7_0/inst/FCLK_CLK2                                                     |            10.0 |
| clk_out1_design_1_clk_wiz_2_0   | design_1_i/processing_av_system/clock_generation/clk_wiz_2/inst/CLK_CORE_DRP_I/clk_inst/clk_out1_design_1_clk_wiz_2_0   |             6.7 |
| clk_out1_design_1_clk_wiz_3_0_1 | design_1_i/processing_av_system/clock_generation/clk_wiz_3/inst/clk_out1_design_1_clk_wiz_3_0                           |            54.2 |
| clkfbout_design_1_clk_wiz_0_0   | design_1_i/processing_av_system/clock_generation/clk_wiz_0/inst/CLK_CORE_DRP_I/clk_inst/clkfbout_design_1_clk_wiz_0_0   |             5.0 |
| clkfbout_design_1_clk_wiz_2_0   | design_1_i/processing_av_system/clock_generation/clk_wiz_2/inst/CLK_CORE_DRP_I/clk_inst/clkfbout_design_1_clk_wiz_2_0   |            40.0 |
| clkfbout_design_1_clk_wiz_3_0_1 | design_1_i/processing_av_system/clock_generation/clk_wiz_3/inst/clkfbout_design_1_clk_wiz_3_0                           |             5.0 |
| nCLKEN_clk_design_1_clk_wiz_0_0 | design_1_i/processing_av_system/clock_generation/clk_wiz_0/inst/CLK_CORE_DRP_I/clk_inst/nCLKEN_clk_design_1_clk_wiz_0_0 |            20.0 |
+---------------------------------+-------------------------------------------------------------------------------------------------------------------------+-----------------+


3. Detailed Reports
-------------------

3.1 By Hierarchy
----------------

+------------------------------+-----------+
| Name                         | Power (W) |
+------------------------------+-----------+
| design_1_wrapper             |     2.711 |
|   IIC_0_scl_iobuf            |     0.002 |
|   IIC_0_sda_iobuf            |     0.002 |
|   design_1_i                 |     2.642 |
|     processing_av_system     |     2.511 |
|       audio_video_engine     |     0.071 |
|       axi_dwidth_converter_0 |     0.007 |
|       axi_protocol_convert_0 |     0.008 |
|       axi_register_slice_0   |     0.004 |
|       axi_register_slice_1   |     0.003 |
|       clock_generation       |     0.712 |
|       interconnect_matrix    |     0.009 |
|       processing_system7_0   |     1.696 |
|     z3660_0                  |     0.131 |
|       inst                   |     0.131 |
+------------------------------+-----------+


